  Utility.cpp
c:\users\finn\documents\university\visual studio\pfg-startproject\pfg-startproject - copy\pfg-startproject\src\utility.h(1): fatal error C1083: Cannot open include file: 'glm/glm.hpp': No such file or directory
  Scene.cpp
c:\users\finn\documents\university\visual studio\pfg-startproject\pfg-startproject - copy\pfg-startproject\src\mesh.h(4): fatal error C1083: Cannot open include file: 'glm/glm.hpp': No such file or directory
  Mesh.cpp
c:\users\finn\documents\university\visual studio\pfg-startproject\pfg-startproject - copy\pfg-startproject\src\mesh.h(4): fatal error C1083: Cannot open include file: 'glm/glm.hpp': No such file or directory
  Material.cpp
c:\users\finn\documents\university\visual studio\pfg-startproject\pfg-startproject - copy\pfg-startproject\src\material.cpp(4): fatal error C1083: Cannot open include file: 'SDL.h': No such file or directory
  Main.cpp
c:\users\finn\documents\university\visual studio\pfg-startproject\pfg-startproject - copy\pfg-startproject\src\application.h(4): fatal error C1083: Cannot open include file: 'SDL.h': No such file or directory
  KinematicsObject.cpp
c:\users\finn\documents\university\visual studio\pfg-startproject\pfg-startproject - copy\pfg-startproject\src\kinematicsobject.cpp(1): fatal error C1083: Cannot open include file: 'GLM/gtc/type_ptr.hpp': No such file or directory
  Input.cpp
c:\users\finn\documents\university\visual studio\pfg-startproject\pfg-startproject - copy\pfg-startproject\src\input.h(2): fatal error C1083: Cannot open include file: 'SDL.h': No such file or directory
  GameObject.cpp
c:\users\finn\documents\university\visual studio\pfg-startproject\pfg-startproject - copy\pfg-startproject\src\gameobject.cpp(1): fatal error C1083: Cannot open include file: 'GLM/gtc/type_ptr.hpp': No such file or directory
  Dynamic.cpp
c:\users\finn\documents\university\visual studio\pfg-startproject\pfg-startproject - copy\pfg-startproject\src\dynamic.cpp(1): fatal error C1083: Cannot open include file: 'GLM/gtc/type_ptr.hpp': No such file or directory
  Camera.cpp
c:\users\finn\documents\university\visual studio\pfg-startproject\pfg-startproject - copy\pfg-startproject\src\camera.h(4): fatal error C1083: Cannot open include file: 'GLM/glm.hpp': No such file or directory
  Application.cpp
c:\users\finn\documents\university\visual studio\pfg-startproject\pfg-startproject - copy\pfg-startproject\src\application.h(4): fatal error C1083: Cannot open include file: 'SDL.h': No such file or directory
  Generating Code...
